This is pdfTeX, Version 3.1415926-2.5-1.40.14 (TeX Live 2013/Debian) (format=pdflatex 2015.11.18)  31 JAN 2017 17:50
entering extended mode
 restricted \write18 enabled.
 %&-line parsing enabled.
**dissertation.tex
(./dissertation.tex
LaTeX2e <2011/06/27>
Babel <3.9h> and hyphenation patterns for 2 languages loaded.
(/usr/share/texlive/texmf-dist/tex/latex/memoir/memoir.cls
Document Class: memoir 2013/05/30 v3.7b configurable book, report, article docu
ment class
\onelineskip=\skip41
\lxvchars=\skip42
\xlvchars=\skip43
\@memcnta=\count79
\c@@memmarkcntra=\count80
(/usr/share/texlive/texmf-dist/tex/generic/oberdiek/ifpdf.sty
Package: ifpdf 2011/01/30 v2.3 Provides the ifpdf switch (HO)
Package ifpdf Info: pdfTeX in PDF mode is detected.
)
Class memoir Info: An `ifetex' package is being emulated on input line 265.

(/usr/share/texlive/texmf-dist/tex/generic/ifxetex/ifxetex.sty
Package: ifxetex 2010/09/12 v0.6 Provides ifxetex conditional
)
(/usr/share/texlive/texmf-dist/tex/generic/oberdiek/ifluatex.sty
Package: ifluatex 2010/03/01 v1.3 Provides the ifluatex switch (HO)
Package ifluatex Info: LuaTeX not detected.
)
\stockheight=\skip44
\stockwidth=\skip45
\trimtop=\skip46
\trimedge=\skip47

(/usr/share/texlive/texmf-dist/tex/latex/etex-pkg/etex.sty
Package: etex 1998/03/26 v2.0 eTeX basic definition package (PEB)
\et@xins=\count81
)
(/usr/share/texlive/texmf-dist/tex/latex/memoir/mem12.clo
File: mem12.clo 2010/10/19 v0.4b memoir class 12pt size option
)
\binding=\skip48
\spinemargin=\skip49
\foremargin=\skip50
\uppermargin=\skip51
\lowermargin=\skip52
\headdrop=\skip53
\normalrulethickness=\skip54
\mem@maxheadheight=\skip55
\mem@maxfootheight=\skip56
\headwidth=\skip57
\c@storedpagenumber=\count82
\memPD=\dimen102
\m@mabparskip=\skip58
\thanksmarkwidth=\skip59
\thanksmarksep=\skip60
\droptitle=\skip61
\c@book=\count83
\c@part=\count84
\c@chapter=\count85
\c@section=\count86
\c@subsection=\count87
\c@subsubsection=\count88
\c@paragraph=\count89
\c@subparagraph=\count90
\beforechapskip=\skip62
\midchapskip=\skip63
\afterchapskip=\skip64
\chapindent=\skip65
\bottomsectionskip=\skip66
\secindent=\skip67
\beforesecskip=\skip68
\aftersecskip=\skip69
\subsecindent=\skip70
\beforesubsecskip=\skip71
\aftersubsecskip=\skip72
\subsubsecindent=\skip73
\beforesubsubsecskip=\skip74
\aftersubsubsecskip=\skip75
\paraindent=\skip76
\beforeparaskip=\skip77
\afterparaskip=\skip78
\subparaindent=\skip79
\beforesubparaskip=\skip80
\aftersubparaskip=\skip81
\pfbreakskip=\skip82
\c@@ppsavesec=\count91
\c@@ppsaveapp=\count92
\ragrparindent=\dimen103
\everylistparindent=\dimen104
\parsepi=\skip83
\topsepi=\skip84
\itemsepi=\skip85
\parsepii=\skip86
\topsepii=\skip87
\topsepiii=\skip88
\itemsepii=\skip89
\itemsepiii=\skip90
\partopsepii=\skip91
\partopsepiii=\skip92
\m@msavetopsep=\skip93
\m@msavepartopsep=\skip94
\@enLab=\toks14
\abstitleskip=\skip95
\absleftindent=\skip96
\abs@leftindent=\dimen105
\absrightindent=\skip97
\absparindent=\skip98
\absparsep=\skip99
\c@vslineno=\count93
\c@poemline=\count94
\c@modulo@vs=\count95
\c@memfvsline=\count96
\vleftskip=\skip100
\vrightskip=\skip101
\stanzaskip=\skip102
\versewidth=\skip103
\vgap=\skip104
\vindent=\skip105
\vleftmargin=\dimen106
\c@verse=\count97
\c@chrsinstr=\count98
\beforepoemtitleskip=\skip106
\afterpoemtitleskip=\skip107
\c@poem=\count99
\beforePoemTitleskip=\skip108
\midPoemTitleskip=\skip109
\afterPoemTitleskip=\skip110
\col@sep=\dimen107
\extrarowheight=\dimen108
\NC@list=\toks15
\extratabsurround=\skip111
\backup@length=\skip112
\TX@col@width=\dimen109
\TX@old@table=\dimen110
\TX@old@col=\dimen111
\TX@target=\dimen112
\TX@delta=\dimen113
\TX@cols=\count100
\TX@ftn=\toks16
\heavyrulewidth=\dimen114
\lightrulewidth=\dimen115
\cmidrulewidth=\dimen116
\belowrulesep=\dimen117
\belowbottomsep=\dimen118
\aboverulesep=\dimen119
\abovetopsep=\dimen120
\cmidrulesep=\dimen121
\cmidrulekern=\dimen122
\defaultaddspace=\dimen123
\@cmidla=\count101
\@cmidlb=\count102
\@aboverulesep=\dimen124
\@belowrulesep=\dimen125
\@thisruleclass=\count103
\@lastruleclass=\count104
\@thisrulewidth=\dimen126
\ctableftskip=\skip113
\ctabrightskip=\skip114
\abovecolumnspenalty=\count105
\@linestogo=\count106
\@cellstogo=\count107
\@cellsincolumn=\count108
\crtok=\toks17
\@mincolumnwidth=\dimen127
\c@newflo@tctr=\count109
\mem@margin@floatbox=\box26
\@contcwidth=\skip115
\@contindw=\skip116
\abovecaptionskip=\skip117
\belowcaptionskip=\skip118
\subfloattopskip=\skip119
\subfloatcapskip=\skip120
\subfloatcaptopadj=\skip121
\subfloatbottomskip=\skip122
\subfloatlabelskip=\skip123
\subfloatcapmargin=\dimen128
\c@@contsubnum=\count110
\m@mscap@capbox=\box27
\m@mscap@fbox=\box28
\sidecapsep=\dimen129
\sidecapwidth=\dimen130
\m@m@tempdima=\dimen131
\m@mscapraise=\dimen132
\sidecapraise=\dimen133
\m@mscapmainwidth=\dimen134
\m@mscaplkern=\dimen135
\beforeepigraphskip=\skip124
\afterepigraphskip=\skip125
\epigraphwidth=\skip126
\epigraphrule=\skip127
LaTeX Info: Redefining \em on input line 7492.
LaTeX Info: Redefining \emph on input line 7500.
\tocentryskip=\skip128
\tocbaseline=\skip129
\cftparskip=\skip130
\cftbeforebookskip=\skip131
\cftbookindent=\dimen136
\cftbooknumwidth=\dimen137
\cftbeforepartskip=\skip132
\cftpartindent=\skip133
\cftpartnumwidth=\skip134
\cftbeforechapterskip=\skip135
\cftchapterindent=\skip136
\cftchapternumwidth=\skip137
\cftbeforesectionskip=\skip138
\cftsectionindent=\skip139
\cftsectionnumwidth=\skip140
\cftbeforesubsectionskip=\skip141
\cftsubsectionindent=\skip142
\cftsubsectionnumwidth=\skip143
\cftbeforesubsubsectionskip=\skip144
\cftsubsubsectionindent=\skip145
\cftsubsubsectionnumwidth=\skip146
\cftbeforeparagraphskip=\skip147
\cftparagraphindent=\skip148
\cftparagraphnumwidth=\skip149
\cftbeforesubparagraphskip=\skip150
\cftsubparagraphindent=\skip151
\cftsubparagraphnumwidth=\skip152
\prechapterprecisshift=\dimen138
\c@maxsecnumdepth=\count111
\bibindent=\dimen139
\bibitemsep=\skip153
\indexcolsep=\skip154
\indexrule=\skip155
\indexmarkstyle=\toks18
\@indexbox=\insert233
\glossarycolsep=\dimen140
\glossaryrule=\dimen141
\sideparvshift=\skip156
\sideins=\insert232
\sidebartopsep=\skip157
\sidebarhsep=\skip158
\sidebarvsep=\skip159
\sidebarwidth=\skip160
\footmarkwidth=\skip161
\footmarksep=\skip162
\footparindent=\skip163
\footinsdim=\skip164
\footinsv@r=\insert231
\@mpfootinsv@r=\insert230
\m@m@k=\count112
\m@m@h=\dimen142
\m@mipn@skip=\skip165
\sidefootins=\insert229
\sidefootadjust=\skip166
\sidefootheight=\skip167
\sidefoothsep=\skip168
\sidefootvsep=\skip169
\sidefootwidth=\skip170
\m@mdownsf=\skip171
\c@sidefootnote=\count113
\sidefootmarkwidth=\skip172
\sidefootmarksep=\skip173
\sidefootparindent=\skip174
\c@pagenote=\count114
\c@pagenoteshadow=\count115
\mem@pn@lastkern=\skip175
\every@verbatim=\toks19
\afterevery@verbatim=\toks20
\verbatim@line=\toks21
\tab@position=\count116
\verbatim@in@stream=\read1
\verbatimindent=\skip176
\verbatim@out=\write3
\bvboxsep=\skip177
\c@memfbvline=\count117
\c@bvlinectr=\count118
\bvnumlength=\skip178
\fb@frw=\dimen143
\fb@frh=\dimen144
\FrameRule=\dimen145
\FrameSep=\dimen146
\c@cp@cntr=\count119
LaTeX Info: Redefining \: on input line 11958.
LaTeX Info: Redefining \! on input line 11960.
\c@ism@mctr=\count120
\c@xsm@mctr=\count121
\c@csm@mctr=\count122
\c@ksm@mctr=\count123
\c@xksm@mctr=\count124
\c@cksm@mctr=\count125
\c@msm@mctr=\count126
\c@xmsm@mctr=\count127
\c@cmsm@mctr=\count128
\c@bsm@mctr=\count129
\c@workm@mctr=\count130
\c@sheetsequence=\count131
\c@lastsheet=\count132
\c@lastpage=\count133
\c@figure=\count134
\c@lofdepth=\count135
\cftbeforefigureskip=\skip179
\cftfigureindent=\skip180
\cftfigurenumwidth=\skip181
\c@table=\count136
\c@lotdepth=\count137
\cftbeforetableskip=\skip182
\cfttableindent=\skip183
\cfttablenumwidth=\skip184
Package abstract [2008/07/23] emulated by memoir.
Package appendix [2008/07/23] emulated by memoir.
Package array [2008/09/09] emulated by memoir.
Package booktabs [2008/07/23] emulated by memoir.
Package ccaption [2008/07/23] emulated by memoir.
Package changepage [2008/07/23] emulated by memoir.
Package chngcntr [2008/07/23] emulated by memoir.
Package chngpage [2008/07/23] emulated by memoir.
Package crop emulated by memoir.
Package dcolumn [2008/07/23] emulated by memoir.
Package delarray [2008/07/23] emulated by memoir.
Package enumerate [2008/07/23] emulated by memoir.
Package epigraph [2008/07/23] emulated by memoir.
Package ifmtarg [2008/07/23] emulated by memoir.
Package ifetex [2008/07/23] emulated by memoir.
Package index [2008/07/23] emulated by memoir.
Package makeidx [2008/07/23] emulated by memoir.
Package moreverb [2008/07/23] emulated by memoir.
Package mparhack [2008/07/23] emulated by memoir.
Package needspace [2008/07/23] emulated by memoir.
Package newfile [2008/07/23] emulated by memoir.
Package nextpage [2008/07/23] emulated by memoir.
Package pagenote [2008/07/23] emulated by memoir.
Package parskip [2008/07/23] emulated by memoir.
Package patchcmd [2008/07/23] emulated by memoir.
Package setspace [2008/07/23] emulated by memoir.
Package shortvrb [2008/07/23] emulated by memoir.
Package showidx [2008/07/23] emulated by memoir.
Package tabularx [2008/07/23] emulated by memoir.
Package titleref [2008/07/23] emulated by memoir.
Package titling [2008/07/23] emulated by memoir.
Package tocbibind [2008/07/23] emulated by memoir.
Package tocloft [2008/07/23] emulated by memoir.
Package tocvsec2 [2008/07/23] emulated by memoir.
Package verbatim [2008/07/23] emulated by memoir.
Package verse [2008/07/23] emulated by memoir.

(/usr/share/texlive/texmf-dist/tex/latex/memoir/mempatch.sty
Package: mempatch 2009/07/24 v6.0f Patches for memoir class v1.6180339
))
(./includes/preamble.tex
(/usr/share/texlive/texmf-dist/tex/latex/natbib/natbib.sty
Package: natbib 2010/09/13 8.31b (PWD, AO)
\bibhang=\skip185
\bibsep=\skip186
LaTeX Info: Redefining \cite on input line 694.
\c@NAT@ctr=\count138
)
(/usr/share/texlive/texmf-dist/tex/latex/setspace/setspace.sty
Package: setspace 2011/12/19 v6.7a set line spacing
) (./enumitem.sty
Package: enumitem 2007/06/30 v2.1 Customized lists
\enit@toks=\toks22
(/usr/share/texlive/texmf-dist/tex/latex/graphics/keyval.sty
Package: keyval 1999/03/16 v1.13 key=value parser (DPC)
\KV@toks@=\toks23
)
\labelindent=\skip187
\enit@outerparindent=\dimen147
\enitdp@desc=\count139
)
\c@hanglisti=\count140
\enitdp@hanglist=\count141

(/usr/share/texlive/texmf-dist/tex/latex/amsfonts/amssymb.sty
Package: amssymb 2013/01/14 v3.01 AMS font symbols

(/usr/share/texlive/texmf-dist/tex/latex/amsfonts/amsfonts.sty
Package: amsfonts 2013/01/14 v3.01 Basic AMSFonts support
\@emptytoks=\toks24
\symAMSa=\mathgroup4
\symAMSb=\mathgroup5
LaTeX Font Info:    Overwriting math alphabet `\mathfrak' in version `bold'
(Font)                  U/euf/m/n --> U/euf/b/n on input line 106.
))
(/usr/share/texlive/texmf-dist/tex/latex/amsmath/amsmath.sty
Package: amsmath 2013/01/14 v2.14 AMS math features
\@mathmargin=\skip188

For additional information on amsmath, use the `?' option.
(/usr/share/texlive/texmf-dist/tex/latex/amsmath/amstext.sty
Package: amstext 2000/06/29 v2.01

(/usr/share/texlive/texmf-dist/tex/latex/amsmath/amsgen.sty
File: amsgen.sty 1999/11/30 v2.0
\@emptytoks=\toks25
\ex@=\dimen148
))
(/usr/share/texlive/texmf-dist/tex/latex/amsmath/amsbsy.sty
Package: amsbsy 1999/11/29 v1.2d
\pmbraise@=\dimen149
)
(/usr/share/texlive/texmf-dist/tex/latex/amsmath/amsopn.sty
Package: amsopn 1999/12/14 v2.01 operator names
)
\inf@bad=\count142
LaTeX Info: Redefining \frac on input line 210.
\uproot@=\count143
\leftroot@=\count144
LaTeX Info: Redefining \overline on input line 306.
\classnum@=\count145
\DOTSCASE@=\count146
LaTeX Info: Redefining \ldots on input line 378.
LaTeX Info: Redefining \dots on input line 381.
LaTeX Info: Redefining \cdots on input line 466.
\Mathstrutbox@=\box29
\strutbox@=\box30
\big@size=\dimen150
LaTeX Font Info:    Redeclaring font encoding OML on input line 566.
LaTeX Font Info:    Redeclaring font encoding OMS on input line 567.
\macc@depth=\count147
\c@MaxMatrixCols=\count148
\dotsspace@=\muskip10
\c@parentequation=\count149
\dspbrk@lvl=\count150
\tag@help=\toks26
\row@=\count151
\column@=\count152
\maxfields@=\count153
\andhelp@=\toks27
\eqnshift@=\dimen151
\alignsep@=\dimen152
\tagshift@=\dimen153
\tagwidth@=\dimen154
\totwidth@=\dimen155
\lineht@=\dimen156
\@envbody=\toks28
\multlinegap=\skip189
\multlinetaggap=\skip190
\mathdisplay@stack=\toks29
LaTeX Info: Redefining \[ on input line 2665.
LaTeX Info: Redefining \] on input line 2666.
)
(/usr/share/texlive/texmf-dist/tex/latex/amscls/amsthm.sty
Package: amsthm 2004/08/06 v2.20
\thm@style=\toks30
\thm@bodyfont=\toks31
\thm@headfont=\toks32
\thm@notefont=\toks33
\thm@headpunct=\toks34
\thm@preskip=\skip191
\thm@postskip=\skip192
\thm@headsep=\skip193
\dth@everypar=\toks35
)
(/usr/share/texlive/texmf-dist/tex/latex/hyperref/hyperref.sty
Package: hyperref 2012/11/06 v6.83m Hypertext links for LaTeX

(/usr/share/texlive/texmf-dist/tex/generic/oberdiek/hobsub-hyperref.sty
Package: hobsub-hyperref 2012/05/28 v1.13 Bundle oberdiek, subset hyperref (HO)


(/usr/share/texlive/texmf-dist/tex/generic/oberdiek/hobsub-generic.sty
Package: hobsub-generic 2012/05/28 v1.13 Bundle oberdiek, subset generic (HO)
Package: hobsub 2012/05/28 v1.13 Construct package bundles (HO)
Package: infwarerr 2010/04/08 v1.3 Providing info/warning/error messages (HO)
Package: ltxcmds 2011/11/09 v1.22 LaTeX kernel commands for general use (HO)
Package hobsub Info: Skipping package `ifluatex' (already loaded).
Package: ifvtex 2010/03/01 v1.5 Detect VTeX and its facilities (HO)
Package ifvtex Info: VTeX not detected.
Package: intcalc 2007/09/27 v1.1 Expandable calculations with integers (HO)
Package hobsub Info: Skipping package `ifpdf' (already loaded).
Package: etexcmds 2011/02/16 v1.5 Avoid name clashes with e-TeX commands (HO)
Package etexcmds Info: Could not find \expanded.
(etexcmds)             That can mean that you are not using pdfTeX 1.50 or
(etexcmds)             that some package has redefined \expanded.
(etexcmds)             In the latter case, load this package earlier.
Package: kvsetkeys 2012/04/25 v1.16 Key value parser (HO)
Package: kvdefinekeys 2011/04/07 v1.3 Define keys (HO)
Package: pdftexcmds 2011/11/29 v0.20 Utility functions of pdfTeX for LuaTeX (HO
)
Package pdftexcmds Info: LuaTeX not detected.
Package pdftexcmds Info: \pdf@primitive is available.
Package pdftexcmds Info: \pdf@ifprimitive is available.
Package pdftexcmds Info: \pdfdraftmode found.
Package: pdfescape 2011/11/25 v1.13 Implements pdfTeX's escape features (HO)
Package: bigintcalc 2012/04/08 v1.3 Expandable calculations on big integers (HO
)
Package: bitset 2011/01/30 v1.1 Handle bit-vector datatype (HO)
Package: uniquecounter 2011/01/30 v1.2 Provide unlimited unique counter (HO)
)
Package hobsub Info: Skipping package `hobsub' (already loaded).
Package: letltxmacro 2010/09/02 v1.4 Let assignment for LaTeX macros (HO)
Package: hopatch 2012/05/28 v1.2 Wrapper for package hooks (HO)
Package: xcolor-patch 2011/01/30 xcolor patch
Package: atveryend 2011/06/30 v1.8 Hooks at the very end of document (HO)
Package atveryend Info: \enddocument detected (standard20110627).
Package: atbegshi 2011/10/05 v1.16 At begin shipout hook (HO)
Package: refcount 2011/10/16 v3.4 Data extraction from label references (HO)
Package: hycolor 2011/01/30 v1.7 Color options for hyperref/bookmark (HO)
)
(/usr/share/texlive/texmf-dist/tex/latex/oberdiek/auxhook.sty
Package: auxhook 2011/03/04 v1.3 Hooks for auxiliary files (HO)
)
(/usr/share/texlive/texmf-dist/tex/latex/oberdiek/kvoptions.sty
Package: kvoptions 2011/06/30 v3.11 Key value format for package options (HO)
)
\@linkdim=\dimen157
\Hy@linkcounter=\count154
\Hy@pagecounter=\count155

(/usr/share/texlive/texmf-dist/tex/latex/hyperref/pd1enc.def
File: pd1enc.def 2012/11/06 v6.83m Hyperref: PDFDocEncoding definition (HO)
)
\Hy@SavedSpaceFactor=\count156

(/usr/share/texlive/texmf-dist/tex/latex/latexconfig/hyperref.cfg
File: hyperref.cfg 2002/06/06 v1.2 hyperref configuration of TeXLive
)
Package hyperref Info: Hyper figures OFF on input line 4443.
Package hyperref Info: Link nesting OFF on input line 4448.
Package hyperref Info: Hyper index ON on input line 4451.
Package hyperref Info: Plain pages OFF on input line 4458.
Package hyperref Info: Backreferencing OFF on input line 4463.
Package hyperref Info: Implicit mode ON; LaTeX internals redefined.
Package hyperref Info: Bookmarks ON on input line 4688.
\c@Hy@tempcnt=\count157

(/usr/share/texlive/texmf-dist/tex/latex/url/url.sty
\Urlmuskip=\muskip11
Package: url 2013/09/16  ver 3.4  Verb mode for urls, etc.
)
LaTeX Info: Redefining \url on input line 5041.
\XeTeXLinkMargin=\dimen158
\Fld@menulength=\count158
\Field@Width=\dimen159
\Fld@charsize=\dimen160
Package hyperref Info: Hyper figures OFF on input line 6295.
Package hyperref Info: Link nesting OFF on input line 6300.
Package hyperref Info: Hyper index ON on input line 6303.
Package hyperref Info: backreferencing OFF on input line 6310.
Package hyperref Info: Link coloring OFF on input line 6315.
Package hyperref Info: Link coloring with OCG OFF on input line 6320.
Package hyperref Info: PDF/A mode OFF on input line 6325.
LaTeX Info: Redefining \ref on input line 6365.
LaTeX Info: Redefining \pageref on input line 6369.
\Hy@abspage=\count159
\c@Item=\count160
\c@Hfootnote=\count161
)
(/usr/share/texlive/texmf-dist/tex/latex/memoir/memhfixc.sty
Package: memhfixc 2013/05/30 v1.17 nameref/hyperref package fixes for memoir cl
ass
\c@memhycontfloat=\count162
\c@Hpagenote=\count163
)

Package hyperref Message: Driver (autodetected): hpdftex.

(/usr/share/texlive/texmf-dist/tex/latex/hyperref/hpdftex.def
File: hpdftex.def 2012/11/06 v6.83m Hyperref driver for pdfTeX
\Fld@listcount=\count164
\c@bookmark@seq@number=\count165

(/usr/share/texlive/texmf-dist/tex/latex/oberdiek/rerunfilecheck.sty
Package: rerunfilecheck 2011/04/15 v1.7 Rerun checks for auxiliary files (HO)
Package uniquecounter Info: New unique counter `rerunfilecheck' on input line 2
82.
)
\Hy@SectionHShift=\skip194
)
(/usr/share/texlive/texmf-dist/tex/latex/listings/listings.sty
\lst@mode=\count166
\lst@gtempboxa=\box31
\lst@token=\toks36
\lst@length=\count167
\lst@currlwidth=\dimen161
\lst@column=\count168
\lst@pos=\count169
\lst@lostspace=\dimen162
\lst@width=\dimen163
\lst@newlines=\count170
\lst@lineno=\count171
\lst@maxwidth=\dimen164

(/usr/share/texlive/texmf-dist/tex/latex/listings/lstmisc.sty
File: lstmisc.sty 2013/08/26 1.5b (Carsten Heinz)
\c@lstnumber=\count172
\lst@skipnumbers=\count173
\lst@framebox=\box32
)
(/usr/share/texlive/texmf-dist/tex/latex/listings/listings.cfg
File: listings.cfg 2013/08/26 1.5b listings configuration
))
Package: listings 2013/08/26 1.5b (Carsten Heinz)

(/usr/share/texlive/texmf-dist/tex/latex/graphics/color.sty
Package: color 2005/11/14 v1.0j Standard LaTeX Color (DPC)

(/usr/share/texlive/texmf-dist/tex/latex/latexconfig/color.cfg
File: color.cfg 2007/01/18 v1.5 color configuration of teTeX/TeXLive
)
Package color Info: Driver file: pdftex.def on input line 130.

(/usr/share/texlive/texmf-dist/tex/latex/pdftex-def/pdftex.def
File: pdftex.def 2011/05/27 v0.06d Graphics/color for pdfTeX
\Gread@gobject=\count174
)
(/usr/share/texlive/texmf-dist/tex/latex/graphics/dvipsnam.def
File: dvipsnam.def 1999/02/16 v3.0i Driver-dependant file (DPC,SPQR)
))
(/usr/share/texmf/tex/latex/xcolor/xcolor.sty
Package: xcolor 2007/01/21 v2.11 LaTeX color extensions (UK)

(/usr/share/texlive/texmf-dist/tex/latex/latexconfig/color.cfg
File: color.cfg 2007/01/18 v1.5 color configuration of teTeX/TeXLive
)
Package xcolor Info: Driver file: pdftex.def on input line 225.

(/usr/share/texlive/texmf-dist/tex/latex/colortbl/colortbl.sty
Package: colortbl 2012/02/13 v1.0a Color table columns (DPC)
\everycr=\toks37
\minrowclearance=\skip195
)
LaTeX Info: Redefining \color on input line 702.
\rownum=\count175
Package xcolor Info: Model `cmy' substituted by `cmy0' on input line 1337.
Package xcolor Info: Model `hsb' substituted by `rgb' on input line 1341.
Package xcolor Info: Model `RGB' extended on input line 1353.
Package xcolor Info: Model `HTML' substituted by `rgb' on input line 1355.
Package xcolor Info: Model `Hsb' substituted by `hsb' on input line 1356.
Package xcolor Info: Model `tHsb' substituted by `hsb' on input line 1357.
Package xcolor Info: Model `HSB' substituted by `hsb' on input line 1358.
Package xcolor Info: Model `Gray' substituted by `gray' on input line 1359.
Package xcolor Info: Model `wave' substituted by `hsb' on input line 1360.
)

Class memoir Warning: You are using the caption package with the memoir class. 
To prepare we will now reset all captioning macros and configurations to kernel
 defaults, and then let the caption package take over. Please remember to use t
he caption package interfaces in order to configure your captions. .

(/usr/share/texlive/texmf-dist/tex/latex/caption/caption.sty
Package: caption 2013/05/02 v3.3-89 Customizing captions (AR)

(/usr/share/texlive/texmf-dist/tex/latex/caption/caption3.sty
Package: caption3 2013/05/02 v1.6-88 caption3 kernel (AR)
Package caption3 Info: TeX engine: e-TeX on input line 57.
\captionmargin=\dimen165
\captionmargin@=\dimen166
\captionwidth=\dimen167
\caption@tempdima=\dimen168
\caption@indent=\dimen169
\caption@parindent=\dimen170
\caption@hangindent=\dimen171
)
\c@ContinuedFloat=\count176
Package caption Info: hyperref package is loaded.
Package caption Info: listings package is loaded.
)
(/usr/share/texlive/texmf-dist/tex/latex/tools/afterpage.sty
Package: afterpage 1995/10/27 v1.08 After-Page Package (DPC)
\AP@output=\toks38
\AP@partial=\box33
\AP@footins=\box34
)
(/usr/share/texmf/tex/latex/pgf/frontendlayer/tikz.sty
(/usr/share/texmf/tex/latex/pgf/basiclayer/pgf.sty
(/usr/share/texmf/tex/latex/pgf/utilities/pgfrcs.sty
(/usr/share/texmf/tex/generic/pgf/utilities/pgfutil-common.tex
\pgfutil@everybye=\toks39
)
(/usr/share/texmf/tex/generic/pgf/utilities/pgfutil-latex.def
\pgfutil@abb=\box35

(/usr/share/texlive/texmf-dist/tex/latex/ms/everyshi.sty
Package: everyshi 2001/05/15 v3.00 EveryShipout Package (MS)
))
(/usr/share/texmf/tex/generic/pgf/utilities/pgfrcs.code.tex
Package: pgfrcs 2010/10/25 v2.10 (rcs-revision 1.24)
))
Package: pgf 2008/01/15 v2.10 (rcs-revision 1.12)

(/usr/share/texmf/tex/latex/pgf/basiclayer/pgfcore.sty
(/usr/share/texlive/texmf-dist/tex/latex/graphics/graphicx.sty
Package: graphicx 1999/02/16 v1.0f Enhanced LaTeX Graphics (DPC,SPQR)

(/usr/share/texlive/texmf-dist/tex/latex/graphics/graphics.sty
Package: graphics 2009/02/05 v1.0o Standard LaTeX Graphics (DPC,SPQR)

(/usr/share/texlive/texmf-dist/tex/latex/graphics/trig.sty
Package: trig 1999/03/16 v1.09 sin cos tan (DPC)
)
(/usr/share/texlive/texmf-dist/tex/latex/latexconfig/graphics.cfg
File: graphics.cfg 2010/04/23 v1.9 graphics configuration of TeX Live
)
Package graphics Info: Driver file: pdftex.def on input line 91.
)
\Gin@req@height=\dimen172
\Gin@req@width=\dimen173
)
(/usr/share/texmf/tex/latex/pgf/systemlayer/pgfsys.sty
(/usr/share/texmf/tex/generic/pgf/systemlayer/pgfsys.code.tex
Package: pgfsys 2010/06/30 v2.10 (rcs-revision 1.37)

(/usr/share/texmf/tex/generic/pgf/utilities/pgfkeys.code.tex
\pgfkeys@pathtoks=\toks40
\pgfkeys@temptoks=\toks41

(/usr/share/texmf/tex/generic/pgf/utilities/pgfkeysfiltered.code.tex
\pgfkeys@tmptoks=\toks42
))
\pgf@x=\dimen174
\pgf@y=\dimen175
\pgf@xa=\dimen176
\pgf@ya=\dimen177
\pgf@xb=\dimen178
\pgf@yb=\dimen179
\pgf@xc=\dimen180
\pgf@yc=\dimen181
\w@pgf@writea=\write4
\r@pgf@reada=\read2
\c@pgf@counta=\count177
\c@pgf@countb=\count178
\c@pgf@countc=\count179
\c@pgf@countd=\count180

(/usr/share/texmf/tex/generic/pgf/systemlayer/pgf.cfg
File: pgf.cfg 2008/05/14  (rcs-revision 1.7)
)
Package pgfsys Info: Driver file for pgf: pgfsys-pdftex.def on input line 900.

(/usr/share/texmf/tex/generic/pgf/systemlayer/pgfsys-pdftex.def
File: pgfsys-pdftex.def 2009/05/22  (rcs-revision 1.26)

(/usr/share/texmf/tex/generic/pgf/systemlayer/pgfsys-common-pdf.def
File: pgfsys-common-pdf.def 2008/05/19  (rcs-revision 1.10)
)))
(/usr/share/texmf/tex/generic/pgf/systemlayer/pgfsyssoftpath.code.tex
File: pgfsyssoftpath.code.tex 2008/07/18  (rcs-revision 1.7)
\pgfsyssoftpath@smallbuffer@items=\count181
\pgfsyssoftpath@bigbuffer@items=\count182
)
(/usr/share/texmf/tex/generic/pgf/systemlayer/pgfsysprotocol.code.tex
File: pgfsysprotocol.code.tex 2006/10/16  (rcs-revision 1.4)
))
(/usr/share/texmf/tex/generic/pgf/basiclayer/pgfcore.code.tex
Package: pgfcore 2010/04/11 v2.10 (rcs-revision 1.7)

(/usr/share/texmf/tex/generic/pgf/math/pgfmath.code.tex
(/usr/share/texmf/tex/generic/pgf/math/pgfmathcalc.code.tex
(/usr/share/texmf/tex/generic/pgf/math/pgfmathutil.code.tex)
(/usr/share/texmf/tex/generic/pgf/math/pgfmathparser.code.tex
\pgfmath@dimen=\dimen182
\pgfmath@count=\count183
\pgfmath@box=\box36
\pgfmath@toks=\toks43
\pgfmath@stack@operand=\toks44
\pgfmath@stack@operation=\toks45
)
(/usr/share/texmf/tex/generic/pgf/math/pgfmathfunctions.code.tex
(/usr/share/texmf/tex/generic/pgf/math/pgfmathfunctions.basic.code.tex)
(/usr/share/texmf/tex/generic/pgf/math/pgfmathfunctions.trigonometric.code.tex)
(/usr/share/texmf/tex/generic/pgf/math/pgfmathfunctions.random.code.tex)
(/usr/share/texmf/tex/generic/pgf/math/pgfmathfunctions.comparison.code.tex)
(/usr/share/texmf/tex/generic/pgf/math/pgfmathfunctions.base.code.tex)
(/usr/share/texmf/tex/generic/pgf/math/pgfmathfunctions.round.code.tex)
(/usr/share/texmf/tex/generic/pgf/math/pgfmathfunctions.misc.code.tex)))
(/usr/share/texmf/tex/generic/pgf/math/pgfmathfloat.code.tex
\c@pgfmathroundto@lastzeros=\count184
))
(/usr/share/texmf/tex/generic/pgf/basiclayer/pgfcorepoints.code.tex
File: pgfcorepoints.code.tex 2010/04/09  (rcs-revision 1.20)
\pgf@picminx=\dimen183
\pgf@picmaxx=\dimen184
\pgf@picminy=\dimen185
\pgf@picmaxy=\dimen186
\pgf@pathminx=\dimen187
\pgf@pathmaxx=\dimen188
\pgf@pathminy=\dimen189
\pgf@pathmaxy=\dimen190
\pgf@xx=\dimen191
\pgf@xy=\dimen192
\pgf@yx=\dimen193
\pgf@yy=\dimen194
\pgf@zx=\dimen195
\pgf@zy=\dimen196
)
(/usr/share/texmf/tex/generic/pgf/basiclayer/pgfcorepathconstruct.code.tex
File: pgfcorepathconstruct.code.tex 2010/08/03  (rcs-revision 1.24)
\pgf@path@lastx=\dimen197
\pgf@path@lasty=\dimen198
)
(/usr/share/texmf/tex/generic/pgf/basiclayer/pgfcorepathusage.code.tex
File: pgfcorepathusage.code.tex 2008/04/22  (rcs-revision 1.12)
\pgf@shorten@end@additional=\dimen199
\pgf@shorten@start@additional=\dimen200
)
(/usr/share/texmf/tex/generic/pgf/basiclayer/pgfcorescopes.code.tex
File: pgfcorescopes.code.tex 2010/09/08  (rcs-revision 1.34)
\pgfpic=\box37
\pgf@hbox=\box38
\pgf@layerbox@main=\box39
\pgf@picture@serial@count=\count185
)
(/usr/share/texmf/tex/generic/pgf/basiclayer/pgfcoregraphicstate.code.tex
File: pgfcoregraphicstate.code.tex 2008/04/22  (rcs-revision 1.9)
\pgflinewidth=\dimen201
)
(/usr/share/texmf/tex/generic/pgf/basiclayer/pgfcoretransformations.code.tex
File: pgfcoretransformations.code.tex 2009/06/10  (rcs-revision 1.11)
\pgf@pt@x=\dimen202
\pgf@pt@y=\dimen203
\pgf@pt@temp=\dimen204
)
(/usr/share/texmf/tex/generic/pgf/basiclayer/pgfcorequick.code.tex
File: pgfcorequick.code.tex 2008/10/09  (rcs-revision 1.3)
)
(/usr/share/texmf/tex/generic/pgf/basiclayer/pgfcoreobjects.code.tex
File: pgfcoreobjects.code.tex 2006/10/11  (rcs-revision 1.2)
)
(/usr/share/texmf/tex/generic/pgf/basiclayer/pgfcorepathprocessing.code.tex
File: pgfcorepathprocessing.code.tex 2008/10/09  (rcs-revision 1.8)
)
(/usr/share/texmf/tex/generic/pgf/basiclayer/pgfcorearrows.code.tex
File: pgfcorearrows.code.tex 2008/04/23  (rcs-revision 1.11)
)
(/usr/share/texmf/tex/generic/pgf/basiclayer/pgfcoreshade.code.tex
File: pgfcoreshade.code.tex 2008/11/23  (rcs-revision 1.13)
\pgf@max=\dimen205
\pgf@sys@shading@range@num=\count186
)
(/usr/share/texmf/tex/generic/pgf/basiclayer/pgfcoreimage.code.tex
File: pgfcoreimage.code.tex 2010/03/25  (rcs-revision 1.16)

(/usr/share/texmf/tex/generic/pgf/basiclayer/pgfcoreexternal.code.tex
File: pgfcoreexternal.code.tex 2010/09/01  (rcs-revision 1.17)
\pgfexternal@startupbox=\box40
))
(/usr/share/texmf/tex/generic/pgf/basiclayer/pgfcorelayers.code.tex
File: pgfcorelayers.code.tex 2010/08/27  (rcs-revision 1.2)
)
(/usr/share/texmf/tex/generic/pgf/basiclayer/pgfcoretransparency.code.tex
File: pgfcoretransparency.code.tex 2008/01/17  (rcs-revision 1.2)
)
(/usr/share/texmf/tex/generic/pgf/basiclayer/pgfcorepatterns.code.tex
File: pgfcorepatterns.code.tex 2009/07/02  (rcs-revision 1.3)
)))
(/usr/share/texmf/tex/generic/pgf/modules/pgfmoduleshapes.code.tex
File: pgfmoduleshapes.code.tex 2010/09/09  (rcs-revision 1.13)
\pgfnodeparttextbox=\box41
)
(/usr/share/texmf/tex/generic/pgf/modules/pgfmoduleplot.code.tex
File: pgfmoduleplot.code.tex 2010/10/22  (rcs-revision 1.8)
)
(/usr/share/texmf/tex/latex/pgf/compatibility/pgfcomp-version-0-65.sty
Package: pgfcomp-version-0-65 2007/07/03 v2.10 (rcs-revision 1.7)
\pgf@nodesepstart=\dimen206
\pgf@nodesepend=\dimen207
)
(/usr/share/texmf/tex/latex/pgf/compatibility/pgfcomp-version-1-18.sty
Package: pgfcomp-version-1-18 2007/07/23 v2.10 (rcs-revision 1.1)
))
(/usr/share/texmf/tex/latex/pgf/utilities/pgffor.sty
(/usr/share/texmf/tex/latex/pgf/utilities/pgfkeys.sty
(/usr/share/texmf/tex/generic/pgf/utilities/pgfkeys.code.tex))
(/usr/share/texmf/tex/generic/pgf/utilities/pgffor.code.tex
Package: pgffor 2010/03/23 v2.10 (rcs-revision 1.18)
\pgffor@iter=\dimen208
\pgffor@skip=\dimen209
\pgffor@stack=\toks46
\pgffor@toks=\toks47
))
(/usr/share/texmf/tex/generic/pgf/frontendlayer/tikz/tikz.code.tex
Package: tikz 2010/10/13 v2.10 (rcs-revision 1.76)

(/usr/share/texmf/tex/generic/pgf/libraries/pgflibraryplothandlers.code.tex
File: pgflibraryplothandlers.code.tex 2010/05/31 v2.10 (rcs-revision 1.15)
\pgf@plot@mark@count=\count187
\pgfplotmarksize=\dimen210
)
\tikz@lastx=\dimen211
\tikz@lasty=\dimen212
\tikz@lastxsaved=\dimen213
\tikz@lastysaved=\dimen214
\tikzleveldistance=\dimen215
\tikzsiblingdistance=\dimen216
\tikz@figbox=\box42
\tikz@tempbox=\box43
\tikztreelevel=\count188
\tikznumberofchildren=\count189
\tikznumberofcurrentchild=\count190
\tikz@fig@count=\count191

(/usr/share/texmf/tex/generic/pgf/modules/pgfmodulematrix.code.tex
File: pgfmodulematrix.code.tex 2010/08/24  (rcs-revision 1.4)
\pgfmatrixcurrentrow=\count192
\pgfmatrixcurrentcolumn=\count193
\pgf@matrix@numberofcolumns=\count194
)
\tikz@expandcount=\count195

(/usr/share/texmf/tex/generic/pgf/frontendlayer/tikz/libraries/tikzlibrarytopat
hs.code.tex
File: tikzlibrarytopaths.code.tex 2008/06/17 v2.10 (rcs-revision 1.2)
)))
(/usr/share/texmf/tex/generic/pgf/frontendlayer/tikz/libraries/tikzlibraryshape
s.geometric.code.tex
File: tikzlibraryshapes.geometric.code.tex 2008/01/09 v2.10 (rcs-revision 1.1)

(/usr/share/texmf/tex/generic/pgf/libraries/shapes/pgflibraryshapes.geometric.c
ode.tex
File: pgflibraryshapes.geometric.code.tex 2008/06/26 v2.10 (rcs-revision 1.1)
))
(/usr/share/texmf/tex/generic/pgf/frontendlayer/tikz/libraries/tikzlibraryarrow
s.code.tex
File: tikzlibraryarrows.code.tex 2008/01/09 v2.10 (rcs-revision 1.1)

(/usr/share/texmf/tex/generic/pgf/libraries/pgflibraryarrows.code.tex
File: pgflibraryarrows.code.tex 2008/10/27 v2.10 (rcs-revision 1.9)
\arrowsize=\dimen217
))
(/usr/share/texmf/tex/generic/pgf/frontendlayer/tikz/libraries/tikzlibraryshado
ws.code.tex
File: tikzlibraryshadows.code.tex 2008/01/13 v2.10 (rcs-revision 1.3)

(/usr/share/texmf/tex/generic/pgf/frontendlayer/tikz/libraries/tikzlibraryfadin
gs.code.tex
File: tikzlibraryfadings.code.tex 2009/11/15 v2.10 (rcs-revision 1.2)

(/usr/share/texmf/tex/generic/pgf/libraries/pgflibraryfadings.code.tex
File: pgflibraryfadings.code.tex 2008/02/07 v2.10 (rcs-revision 1.3)
)))
(/usr/share/texmf/tex/generic/pgf/frontendlayer/tikz/libraries/tikzlibrarydecor
ations.markings.code.tex
(/usr/share/texmf/tex/generic/pgf/frontendlayer/tikz/libraries/tikzlibrarydecor
ations.code.tex
(/usr/share/texmf/tex/generic/pgf/modules/pgfmoduledecorations.code.tex
\pgfdecoratedcompleteddistance=\dimen218
\pgfdecoratedremainingdistance=\dimen219
\pgfdecoratedinputsegmentcompleteddistance=\dimen220
\pgfdecoratedinputsegmentremainingdistance=\dimen221
\pgf@decorate@distancetomove=\dimen222
\pgf@decorate@repeatstate=\count196
\pgfdecorationsegmentamplitude=\dimen223
\pgfdecorationsegmentlength=\dimen224
)
\tikz@lib@dec@box=\box44
)
(/usr/share/texmf/tex/generic/pgf/libraries/decorations/pgflibrarydecorations.m
arkings.code.tex))
(/usr/share/texlive/texmf-dist/tex/latex/caption/subcaption.sty
Package: subcaption 2013/02/03 v1.1-62 Sub-captions (AR)
\c@subfigure=\count197
\c@subtable=\count198
)
(/usr/share/texlive/texmf-dist/tex/latex/multirow/multirow.sty
\bigstrutjot=\dimen225
)
(/usr/share/texlive/texmf-dist/tex/latex/cleveref/cleveref.sty
Package: cleveref 2013/12/28 v0.19 Intelligent cross-referencing
LaTeX Info: Redefining \Cref on input line 955.
Package cleveref Info: `hyperref' support loaded on input line 2230.
LaTeX Info: Redefining \cref on input line 2230.
LaTeX Info: Redefining \Cref on input line 2230.
LaTeX Info: Redefining \crefrange on input line 2230.
LaTeX Info: Redefining \Crefrange on input line 2230.
LaTeX Info: Redefining \cpageref on input line 2230.
LaTeX Info: Redefining \Cpageref on input line 2230.
LaTeX Info: Redefining \cpagerefrange on input line 2230.
LaTeX Info: Redefining \Cpagerefrange on input line 2230.
LaTeX Info: Redefining \labelcref on input line 2230.
LaTeX Info: Redefining \labelcpageref on input line 2230.
Package cleveref Info: `amsthm' support loaded on input line 2858.
Package cleveref Info: `listings' support loaded on input line 2950.
)
(/usr/share/texlive/texmf-dist/tex/latex/ms/ragged2e.sty
Package: ragged2e 2009/05/21 v2.1 ragged2e Package (MS)

(/usr/share/texlive/texmf-dist/tex/latex/ms/everysel.sty
Package: everysel 2011/10/28 v1.2 EverySelectfont Package (MS)
)
\CenteringLeftskip=\skip196
\RaggedLeftLeftskip=\skip197
\RaggedRightLeftskip=\skip198
\CenteringRightskip=\skip199
\RaggedLeftRightskip=\skip200
\RaggedRightRightskip=\skip201
\CenteringParfillskip=\skip202
\RaggedLeftParfillskip=\skip203
\RaggedRightParfillskip=\skip204
\JustifyingParfillskip=\skip205
\CenteringParindent=\skip206
\RaggedLeftParindent=\skip207
\RaggedRightParindent=\skip208
\JustifyingParindent=\skip209
)
(/usr/share/texlive/texmf-dist/tex/latex/microtype/microtype.sty
Package: microtype 2013/05/23 v2.5a Micro-typographical refinements (RS)
\MT@toks=\toks48
\MT@count=\count199
LaTeX Info: Redefining \textls on input line 766.
\MT@outer@kern=\dimen226
LaTeX Info: Redefining \textmicrotypecontext on input line 1285.
\MT@listname@count=\count200

(/usr/share/texlive/texmf-dist/tex/latex/microtype/microtype-pdftex.def
File: microtype-pdftex.def 2013/05/23 v2.5a Definitions specific to pdftex (RS)

LaTeX Info: Redefining \lsstyle on input line 915.
LaTeX Info: Redefining \lslig on input line 915.
\MT@outer@space=\skip210
)
Package microtype Info: Loading configuration file microtype.cfg.

(/usr/share/texlive/texmf-dist/tex/latex/microtype/microtype.cfg
File: microtype.cfg 2013/05/23 v2.5a microtype main configuration file (RS)
))
(/usr/share/texlive/texmf-dist/tex/latex/boxedminipage/boxedminipage.sty)
(/usr/share/texmf/tex/latex/lm/lmodern.sty
Package: lmodern 2009/10/30 v1.6 Latin Modern Fonts
LaTeX Font Info:    Overwriting symbol font `operators' in version `normal'
(Font)                  OT1/cmr/m/n --> OT1/lmr/m/n on input line 22.
LaTeX Font Info:    Overwriting symbol font `letters' in version `normal'
(Font)                  OML/cmm/m/it --> OML/lmm/m/it on input line 23.
LaTeX Font Info:    Overwriting symbol font `symbols' in version `normal'
(Font)                  OMS/cmsy/m/n --> OMS/lmsy/m/n on input line 24.
LaTeX Font Info:    Overwriting symbol font `largesymbols' in version `normal'
(Font)                  OMX/cmex/m/n --> OMX/lmex/m/n on input line 25.
LaTeX Font Info:    Overwriting symbol font `operators' in version `bold'
(Font)                  OT1/cmr/bx/n --> OT1/lmr/bx/n on input line 26.
LaTeX Font Info:    Overwriting symbol font `letters' in version `bold'
(Font)                  OML/cmm/b/it --> OML/lmm/b/it on input line 27.
LaTeX Font Info:    Overwriting symbol font `symbols' in version `bold'
(Font)                  OMS/cmsy/b/n --> OMS/lmsy/b/n on input line 28.
LaTeX Font Info:    Overwriting symbol font `largesymbols' in version `bold'
(Font)                  OMX/cmex/m/n --> OMX/lmex/m/n on input line 29.
LaTeX Font Info:    Overwriting math alphabet `\mathbf' in version `normal'
(Font)                  OT1/cmr/bx/n --> OT1/lmr/bx/n on input line 31.
LaTeX Font Info:    Overwriting math alphabet `\mathsf' in version `normal'
(Font)                  OT1/cmss/m/n --> OT1/lmss/m/n on input line 32.
LaTeX Font Info:    Overwriting math alphabet `\mathit' in version `normal'
(Font)                  OT1/cmr/m/it --> OT1/lmr/m/it on input line 33.
LaTeX Font Info:    Overwriting math alphabet `\mathtt' in version `normal'
(Font)                  OT1/cmtt/m/n --> OT1/lmtt/m/n on input line 34.
LaTeX Font Info:    Overwriting math alphabet `\mathbf' in version `bold'
(Font)                  OT1/cmr/bx/n --> OT1/lmr/bx/n on input line 35.
LaTeX Font Info:    Overwriting math alphabet `\mathsf' in version `bold'
(Font)                  OT1/cmss/bx/n --> OT1/lmss/bx/n on input line 36.
LaTeX Font Info:    Overwriting math alphabet `\mathit' in version `bold'
(Font)                  OT1/cmr/bx/it --> OT1/lmr/bx/it on input line 37.
LaTeX Font Info:    Overwriting math alphabet `\mathtt' in version `bold'
(Font)                  OT1/cmtt/m/n --> OT1/lmtt/m/n on input line 38.
)
(/usr/share/texlive/texmf-dist/tex/latex/base/fontenc.sty
Package: fontenc 2005/09/27 v1.99g Standard LaTeX package

(/usr/share/texlive/texmf-dist/tex/latex/ly1/ly1enc.def
File: ly1enc.def 2009/07/22 v0.7 TeX 'n ANSI encoding (DPC/KB)
)
LaTeX Font Info:    Try loading font information for LY1+ptm on input line 100.


(/usr/share/texlive/texmf-dist/tex/latex/ly1/ly1ptm.fd
File: ly1ptm.fd 2001/02/01 font definitions for LY1/ptm using Berry names.
))
(/usr/share/texlive/texmf-dist/tex/latex/eulervm/eulervm.sty
Package: eulervm 2005/01/11 v4.0 (WaS)
)
\dissertation@idxfile=\write5
\openout5 = `dissertation.idx'.


Writing index file dissertation.idx 
\c@thm=\count201
) (./includes/defs.tex
(/usr/share/texlive/texmf-dist/tex/latex/svn-multi/svn-multi.sty
Package: svn-multi 2011/08/30 v2.4d SVN Keywords for multi-file LaTeX documents

))
(./includes/thesisdefs.tex
\c@tocpage=\count202
\c@lofpage=\count203
\c@lotpage=\count204
\c@listofheading=\count205
\@testday=\count206
\c@theorem=\count207
) (./dissertation.aux (./frontmatter/frontmatter.aux) (./intro/intro.aux) (./wa
ter/water.aux) (./spectrum/spectrum.aux)
(./sound/sound.aux) (./conclusion/conclusion.aux))
\openout1 = `dissertation.aux'.

LaTeX Font Info:    Checking defaults for OML/cmm/m/it on input line 39.
LaTeX Font Info:    ... okay on input line 39.
LaTeX Font Info:    Checking defaults for T1/cmr/m/n on input line 39.
LaTeX Font Info:    ... okay on input line 39.
LaTeX Font Info:    Checking defaults for OT1/cmr/m/n on input line 39.
LaTeX Font Info:    ... okay on input line 39.
LaTeX Font Info:    Checking defaults for OMS/cmsy/m/n on input line 39.
LaTeX Font Info:    ... okay on input line 39.
LaTeX Font Info:    Checking defaults for OMX/cmex/m/n on input line 39.
LaTeX Font Info:    ... okay on input line 39.
LaTeX Font Info:    Checking defaults for U/cmr/m/n on input line 39.
LaTeX Font Info:    ... okay on input line 39.
LaTeX Font Info:    Checking defaults for PD1/pdf/m/n on input line 39.
LaTeX Font Info:    ... okay on input line 39.
LaTeX Font Info:    Checking defaults for LY1/ptm/m/n on input line 39.
LaTeX Font Info:    ... okay on input line 39.
LaTeX Font Info:    Try loading font information for LY1+lmr on input line 39.

(/usr/share/texmf/tex/latex/lm/ly1lmr.fd
File: ly1lmr.fd 2009/10/30 v1.6 Font defs for Latin Modern
)
\AtBeginShipoutBox=\box45
Package hyperref Info: Link coloring OFF on input line 39.

(/usr/share/texlive/texmf-dist/tex/latex/hyperref/nameref.sty
Package: nameref 2012/10/27 v2.43 Cross-referencing by name of section

(/usr/share/texlive/texmf-dist/tex/generic/oberdiek/gettitlestring.sty
Package: gettitlestring 2010/12/03 v1.4 Cleanup title references (HO)
)
\c@section@level=\count208
)
Redoing nameref's sectioning
Redoing nameref's label
LaTeX Info: Redefining \nameref on input line 39.
LaTeX Info: Redefining \ref on input line 39.
LaTeX Info: Redefining \pageref on input line 39.
LaTeX Info: Redefining \nameref on input line 39.
(./dissertation.out) (./dissertation.out)
\@outlinefile=\write6
\openout6 = `dissertation.out'.

\c@lstlisting=\count209

(/usr/share/texlive/texmf-dist/tex/context/base/supp-pdf.mkii
[Loading MPS to PDF converter (version 2006.09.02).]
\scratchcounter=\count210
\scratchdimen=\dimen227
\scratchbox=\box46
\nofMPsegments=\count211
\nofMParguments=\count212
\everyMPshowfont=\toks49
\MPscratchCnt=\count213
\MPscratchDim=\dimen228
\MPnumerator=\count214
\makeMPintoPDFobject=\count215
\everyMPtoPDFconversion=\toks50
)
Package caption Info: Begin \AtBeginDocument code.
Package caption Info: End \AtBeginDocument code.
 ABD: EveryShipout initializing macros
(/usr/share/texlive/texmf-dist/tex/latex/oberdiek/epstopdf-base.sty
Package: epstopdf-base 2010/02/09 v2.5 Base part for package epstopdf

(/usr/share/texlive/texmf-dist/tex/latex/oberdiek/grfext.sty
Package: grfext 2010/08/19 v1.1 Manage graphics extensions (HO)
)
Package grfext Info: Graphics extension search list:
(grfext)             [.png,.pdf,.jpg,.mps,.jpeg,.jbig2,.jb2,.PNG,.PDF,.JPG,.JPE
G,.JBIG2,.JB2,.eps]
(grfext)             \AppendGraphicsExtensions on input line 452.

(/usr/share/texlive/texmf-dist/tex/latex/latexconfig/epstopdf-sys.cfg
File: epstopdf-sys.cfg 2010/07/13 v1.3 Configuration of (r)epstopdf for TeX Liv
e
))
ABD: EverySelectfont initializing macros
LaTeX Info: Redefining \selectfont on input line 39.
LaTeX Info: Redefining \microtypecontext on input line 39.
Package microtype Info: Generating PDF output.
Package microtype Info: Character protrusion enabled (level 2).
Package microtype Info: Using default protrusion set `alltext'.
Package microtype Info: Automatic font expansion enabled (level 2),
(microtype)             stretch: 20, shrink: 20, step: 1, non-selected.
Package microtype Info: Using default expansion set `basictext'.
Package microtype Info: No adjustment of tracking.
Package microtype Info: No adjustment of interword spacing.
Package microtype Info: No adjustment of character kerning.

(/usr/share/texlive/texmf-dist/tex/latex/microtype/mt-cmr.cfg
File: mt-cmr.cfg 2013/05/19 v2.2 microtype config. file: Computer Modern Roman 
(RS)
) [1


{/var/lib/texmf/fonts/map/pdftex/updmap/pdftex.map}]
\openout2 = `frontmatter/frontmatter.aux'.

 (./frontmatter/frontmatter.tex [0


]pdfTeX warning (ext4): destination with the same identifier (name{page.i}) has
 been already used, duplicate ignored
<to be read again> 
                   \relax 
l.13 \end{dedication}
                      [1] (./frontmatter/acks.tex) [2

] (./dissertation.toc
[3

]) [4] (./dissertation.lot
LaTeX Font Info:    Try loading font information for U+zeur on input line 3.

(/usr/share/texlive/texmf-dist/tex/latex/eulervm/uzeur.fd
File: uzeur.fd 2005/01/11 v4.0 (WaS)
)
(/usr/share/texlive/texmf-dist/tex/latex/microtype/mt-eur.cfg
File: mt-eur.cfg 2006/07/31 v1.1 microtype config. file: AMS Euler Roman (RS)
)
LaTeX Font Info:    Try loading font information for U+zeus on input line 3.

(/usr/share/texlive/texmf-dist/tex/latex/eulervm/uzeus.fd
File: uzeus.fd 2005/01/11 v4.0 (WaS)
)
(/usr/share/texlive/texmf-dist/tex/latex/microtype/mt-eus.cfg
File: mt-eus.cfg 2006/07/28 v1.2 microtype config. file: AMS Euler Script (RS)
)
LaTeX Font Info:    Try loading font information for U+zeuex on input line 3.

(/usr/share/texlive/texmf-dist/tex/latex/eulervm/uzeuex.fd
File: uzeuex.fd 2005/01/11 v4.0 (WaS)
)
(/usr/share/texlive/texmf-dist/tex/latex/microtype/mt-msa.cfg
File: mt-msa.cfg 2006/02/04 v1.1 microtype config. file: AMS symbols (a) (RS)
)
(/usr/share/texlive/texmf-dist/tex/latex/microtype/mt-msb.cfg
File: mt-msb.cfg 2005/06/01 v1.0 microtype config. file: AMS symbols (b) (RS)
) [5


] [6])
[7] (./dissertation.lof
LaTeX Font Info:    Try loading font information for LY1+lmtt on input line 17.

 (/usr/share/texmf/tex/latex/lm/ly1lmtt.fd
File: ly1lmtt.fd 2009/10/30 v1.6 Font defs for Latin Modern
)
Package microtype Info: Loading generic settings for font family
(microtype)             `lmtt' (encoding: LY1).
(microtype)             For optimal results, create family-specific settings.
(microtype)             See the microtype manual for details.

Overfull \hbox (0.76456pt too wide) in paragraph at lines 17--17
 [][] [][]\LY1/lmtt/m/n/12 dbHound Keyphrase \LY1/lmr/m/n/12 (-20) An-droid app
 screen-shot for sub-mit-ting train- 
 []

[8


]) [9] (./frontmatter/abstract.tex) [10


])
\openout2 = `intro/intro.aux'.

 (./intro/intro.tex) [1




]
\openout2 = `water/water.aux'.


(./water/water.tex [2



] [3] [4]
Underfull \hbox (badness 1953) in paragraph at lines 78--78
[][] [][][]\LY1/lmr/m/n/10 (+20) The train-ing was done af-ter the ap-pro-pri-a
te pre-preprocessing us-ing the
 []

[5] <water/hardnesslabelingtool2.pdf, id=460, 614.295pt x 650.43pt>
File: water/hardnesslabelingtool2.pdf Graphic file (type pdf)

<use water/hardnesslabelingtool2.pdf>
Package pdftex.def Info: water/hardnesslabelingtool2.pdf used on input line 95.

(pdftex.def)             Requested size: 383.0pt x 405.5352pt.

Overfull \hbox (29.15865pt too wide) in paragraph at lines 110--110
[]|$\U/zeus/m/n/12 Û\U/zeur/m/n/12 grains=gallon=minute\U/zeus/m/n/12 Ý$| 
 []

<water/hardness-snapshot.pdf, id=461, 296.24477pt x 247.92424pt>
File: water/hardness-snapshot.pdf Graphic file (type pdf)

<use water/hardness-snapshot.pdf>
Package pdftex.def Info: water/hardness-snapshot.pdf used on input line 117.
(pdftex.def)             Requested size: 296.24403pt x 247.92363pt.
 [6] [7 <./water/hardnesslabelingtool2.pdf>]
[8 <./water/hardness-snapshot.pdf>]
<water/hardnessresults.pdf, id=646, 361.35pt x 325.215pt>
File: water/hardnessresults.pdf Graphic file (type pdf)

<use water/hardnessresults.pdf>
Package pdftex.def Info: water/hardnessresults.pdf used on input line 164.
(pdftex.def)             Requested size: 361.34912pt x 325.2142pt.

<water/hardnessfalsepositives.pdf, id=647, 361.35pt x 325.215pt>
File: water/hardnessfalsepositives.pdf Graphic file (type pdf)

<use water/hardnessfalsepositives.pdf>
Package pdftex.def Info: water/hardnessfalsepositives.pdf used on input line 17
2.
(pdftex.def)             Requested size: 361.34912pt x 325.2142pt.

<water/hardnessroc.pdf, id=648, 289.08pt x 252.945pt>
File: water/hardnessroc.pdf Graphic file (type pdf)

<use water/hardnessroc.pdf>
Package pdftex.def Info: water/hardnessroc.pdf used on input line 179.
(pdftex.def)             Requested size: 289.07928pt x 252.94438pt.
 [9] [10 <./water/hardnessresults.pdf>] [11 <./water/hardnessfalsepositives.pdf
>] [12 <./water/hardnessroc.pdf>] [13]
<water/rel_cum_vol_pred_err.pdf, id=708, 1038.79094pt x 311.23378pt>
File: water/rel_cum_vol_pred_err.pdf Graphic file (type pdf)

<use water/rel_cum_vol_pred_err.pdf>
Package pdftex.def Info: water/rel_cum_vol_pred_err.pdf used on input line 263.

(pdftex.def)             Requested size: 383.0pt x 114.75102pt.

<water/rel_hardness_pred_error_154.pdf, id=709, 928.48682pt x 307.43657pt>
File: water/rel_hardness_pred_error_154.pdf Graphic file (type pdf)

<use water/rel_hardness_pred_error_154.pdf>
Package pdftex.def Info: water/rel_hardness_pred_error_154.pdf used on input li
ne 270.
(pdftex.def)             Requested size: 383.0pt x 126.81914pt.

<water/ROC_154.pdf, id=710, 369.49141pt x 298.17499pt>
File: water/ROC_154.pdf Graphic file (type pdf)
 <use water/ROC_154.pdf>
Package pdftex.def Info: water/ROC_154.pdf used on input line 277.
(pdftex.def)             Requested size: 383.0pt x 309.09372pt.

[14] [15 <./water/rel_cum_vol_pred_err.pdf> <./water/rel_hardness_pred_error_15
4.pdf>] [16 <./water/ROC_154.pdf>]) [17]
\openout2 = `spectrum/spectrum.aux'.

 (./spectrum/spectrum.tex
(./spectrum/intro.tex [18



]) [19] (./spectrum/background.tex
(./spectrum/tableSpectrumAllocation.tex
<spectrum/tableSpectrumAllocation.png, id=960, 892.33376pt x 287.0725pt>
File: spectrum/tableSpectrumAllocation.png Graphic file (type png)

<use spectrum/tableSpectrumAllocation.png>
Package pdftex.def Info: spectrum/tableSpectrumAllocation.png used on input lin
e 6.
(pdftex.def)             Requested size: 383.0pt x 123.21536pt.

Overfull \hbox (12.0pt too wide) in paragraph at lines 5--8
 [][] 
 []

) [20] [21 <./spectrum/tableSpectrumAllocation.png>] [22]
Underfull \hbox (badness 10000) in paragraph at lines 53--55

 []

[23] [24]) (./spectrum/methodology.tex [25] [26]) (./spectrum/evaluation.tex
<spectrum/mae_plot.pdf, id=1020, 417.56pt x 301.125pt>
File: spectrum/mae_plot.pdf Graphic file (type pdf)

<use spectrum/mae_plot.pdf>
Package pdftex.def Info: spectrum/mae_plot.pdf used on input line 3.
(pdftex.def)             Requested size: 383.0pt x 276.21588pt.

<spectrum/freq_bin_plot.pdf, id=1021, 908.99597pt x 290.686pt>
File: spectrum/freq_bin_plot.pdf Graphic file (type pdf)

<use spectrum/freq_bin_plot.pdf>
Package pdftex.def Info: spectrum/freq_bin_plot.pdf used on input line 10.
(pdftex.def)             Requested size: 383.0pt x 122.48204pt.

<spectrum/comparison_image.pdf, id=1022, 3491.44391pt x 867.24pt>
File: spectrum/comparison_image.pdf Graphic file (type pdf)

<use spectrum/comparison_image.pdf>
Package pdftex.def Info: spectrum/comparison_image.pdf used on input line 17.
(pdftex.def)             Requested size: 383.0pt x 95.13203pt.
 [27] [28 <./spectrum/mae_plot.pdf> <./spectrum/freq_bin_plot.pdf

pdfTeX warning: pdflatex (file ./spectrum/freq_bin_plot.pdf): PDF inclusion: mu
ltiple pdfs with page group included in a single page
>] [29 <./spectrum/comparison_image.pdf>]) (./spectrum/conclusion.tex))
[30]
\openout2 = `sound/sound.aux'.

 (./sound/sound.tex (./sound/threat_model.tex [31



]
<sound/talking-into-cell-phone.jpg, id=1080, 530.98375pt x 552.0625pt>
File: sound/talking-into-cell-phone.jpg Graphic file (type jpg)

<use sound/talking-into-cell-phone.jpg>
Package pdftex.def Info: sound/talking-into-cell-phone.jpg used on input line 1
1.
(pdftex.def)             Requested size: 153.19766pt x 159.27692pt.
 [32 <./sound/talking-into-cell-phone.jpg>]
Overfull \hbox (7.77962pt too wide) in alignment at lines 40--40
[][] 
 []

) (./sound/system_design.tex [33]
<sound/app_submit.png, id=1100, 1084.05pt x 1927.2pt>
File: sound/app_submit.png Graphic file (type png)

<use sound/app_submit.png>
Package pdftex.def Info: sound/app_submit.png used on input line 22.
(pdftex.def)             Requested size: 95.75pt x 170.20578pt.

<sound/app_classify.png, id=1101, 1084.05pt x 1927.2pt>
File: sound/app_classify.png Graphic file (type png)

<use sound/app_classify.png>
Package pdftex.def Info: sound/app_classify.png used on input line 31.
(pdftex.def)             Requested size: 95.75pt x 170.20578pt.

<sound/app_classify_and_train.png, id=1102, 1084.05pt x 1927.2pt>
File: sound/app_classify_and_train.png Graphic file (type png)

<use sound/app_classify_and_train.png>
Package pdftex.def Info: sound/app_classify_and_train.png used on input line 36
.
(pdftex.def)             Requested size: 95.75pt x 170.20578pt.
 [34]) (./sound/obfuscation.tex [35 <./sound/app_submit.png> <./sound/app_class
ify.png> <./sound/app_classify_and_train.png>] [36]
Underfull \hbox (badness 10000) in paragraph at lines 55--60

 []


Underfull \hbox (badness 10000) in paragraph at lines 61--73

 []


Underfull \hbox (badness 10000) in paragraph at lines 74--75

 []


Underfull \hbox (badness 10000) in paragraph at lines 76--88

 []

[37]

Package amsmath Warning: Foreign command \atopwithdelims;
(amsmath)                \frac or \genfrac should be used instead
(amsmath)                 on input line 90.

[38] <sound/mturk_survey.pdf, id=1147, 1433.355pt x 307.1475pt>
File: sound/mturk_survey.pdf Graphic file (type pdf)

<use sound/mturk_survey.pdf>
Package pdftex.def Info: sound/mturk_survey.pdf used on input line 145.
(pdftex.def)             Requested size: 383.0pt x 82.06857pt.

Underfull \hbox (badness 10000) in alignment at lines 157--157
[][][][] 
 []

) (./sound/recognition_models.tex [39] [40]
Underfull \hbox (badness 10000) in alignment at lines 43--43
[][] 
 []

[41] [42]
Overfull \hbox (51.4365pt too wide) in paragraph at lines 105--114
 [][] 
 []

(./sound/convnet_model.tikz

LaTeX Warning: Float too large for page by 26.54916pt on input line 73.

)) (./sound/recognition_evaluation.tex [43] [44] (./sound/summary_tables.tex
Overfull \hbox (23.31631pt too wide) in paragraph at lines 5--5
[][] 
 []


Overfull \hbox (24.80948pt too wide) in paragraph at lines 5--5
[][] 
 []


Overfull \hbox (17.12949pt too wide) in paragraph at lines 5--5
[][] 
 []


Overfull \hbox (24.92104pt too wide) in paragraph at lines 5--5
[][] 
 []


Overfull \hbox (23.51285pt too wide) in paragraph at lines 5--5
[][] 
 []


Overfull \hbox (18.152pt too wide) in paragraph at lines 5--5
[][] 
 []


Overfull \hbox (28.60466pt too wide) in paragraph at lines 5--5
[][] 
 []


Overfull \hbox (24.16219pt too wide) in paragraph at lines 5--5
[][] 
 []


Overfull \hbox (23.50993pt too wide) in paragraph at lines 5--5
[][] 
 []


Overfull \hbox (21.04117pt too wide) in paragraph at lines 3--17
[][] 
 []


Overfull \hbox (23.31631pt too wide) in paragraph at lines 26--26
[][] 
 []


Overfull \hbox (24.80948pt too wide) in paragraph at lines 26--26
[][] 
 []


Overfull \hbox (17.12949pt too wide) in paragraph at lines 26--26
[][] 
 []


Overfull \hbox (24.92104pt too wide) in paragraph at lines 26--26
[][] 
 []


Overfull \hbox (23.51285pt too wide) in paragraph at lines 26--26
[][] 
 []


Overfull \hbox (18.152pt too wide) in paragraph at lines 26--26
[][] 
 []


Overfull \hbox (28.60466pt too wide) in paragraph at lines 26--26
[][] 
 []


Overfull \hbox (24.16219pt too wide) in paragraph at lines 26--26
[][] 
 []


Overfull \hbox (23.50993pt too wide) in paragraph at lines 26--26
[][] 
 []


Overfull \hbox (21.04117pt too wide) in paragraph at lines 24--38
[][] 
 []


Overfull \hbox (23.31631pt too wide) in paragraph at lines 49--49
[][] 
 []


Overfull \hbox (24.80948pt too wide) in paragraph at lines 49--49
[][] 
 []


Overfull \hbox (17.12949pt too wide) in paragraph at lines 49--49
[][] 
 []


Overfull \hbox (24.92104pt too wide) in paragraph at lines 49--49
[][] 
 []


Overfull \hbox (23.51285pt too wide) in paragraph at lines 49--49
[][] 
 []


Overfull \hbox (18.152pt too wide) in paragraph at lines 49--49
[][] 
 []


Overfull \hbox (28.60466pt too wide) in paragraph at lines 49--49
[][] 
 []


Overfull \hbox (24.16219pt too wide) in paragraph at lines 49--49
[][] 
 []


Overfull \hbox (23.50993pt too wide) in paragraph at lines 49--49
[][] 
 []


Overfull \hbox (21.04117pt too wide) in paragraph at lines 47--61
[][] 
 []


Overfull \hbox (23.31631pt too wide) in paragraph at lines 72--72
[][] 
 []


Overfull \hbox (24.80948pt too wide) in paragraph at lines 72--72
[][] 
 []


Overfull \hbox (17.12949pt too wide) in paragraph at lines 72--72
[][] 
 []


Overfull \hbox (24.92104pt too wide) in paragraph at lines 72--72
[][] 
 []


Overfull \hbox (23.51285pt too wide) in paragraph at lines 72--72
[][] 
 []


Overfull \hbox (18.152pt too wide) in paragraph at lines 72--72
[][] 
 []


Overfull \hbox (28.60466pt too wide) in paragraph at lines 72--72
[][] 
 []


Overfull \hbox (24.16219pt too wide) in paragraph at lines 72--72
[][] 
 []


Overfull \hbox (23.50993pt too wide) in paragraph at lines 72--72
[][] 
 []


Overfull \hbox (17.93011pt too wide) in paragraph at lines 70--84
[][] 
 []

[45] [46 <./sound/mturk_survey.pdf>] [47] [48] [49] [50]
Overfull \hbox (23.31631pt too wide) in paragraph at lines 96--96
[][] 
 []


Overfull \hbox (24.80948pt too wide) in paragraph at lines 96--96
[][] 
 []


Overfull \hbox (17.12949pt too wide) in paragraph at lines 96--96
[][] 
 []


Overfull \hbox (24.92104pt too wide) in paragraph at lines 96--96
[][] 
 []


Overfull \hbox (23.51285pt too wide) in paragraph at lines 96--96
[][] 
 []


Overfull \hbox (18.152pt too wide) in paragraph at lines 96--96
[][] 
 []


Overfull \hbox (28.60466pt too wide) in paragraph at lines 96--96
[][] 
 []


Overfull \hbox (24.16219pt too wide) in paragraph at lines 96--96
[][] 
 []


Overfull \hbox (23.50993pt too wide) in paragraph at lines 96--96
[][] 
 []


Overfull \hbox (21.04117pt too wide) in paragraph at lines 94--108
[][] 
 []


Overfull \hbox (23.31631pt too wide) in paragraph at lines 121--121
[][] 
 []


Overfull \hbox (24.80948pt too wide) in paragraph at lines 121--121
[][] 
 []


Overfull \hbox (17.12949pt too wide) in paragraph at lines 121--121
[][] 
 []


Overfull \hbox (24.92104pt too wide) in paragraph at lines 121--121
[][] 
 []


Overfull \hbox (23.51285pt too wide) in paragraph at lines 121--121
[][] 
 []


Overfull \hbox (18.152pt too wide) in paragraph at lines 121--121
[][] 
 []


Overfull \hbox (28.60466pt too wide) in paragraph at lines 121--121
[][] 
 []


Overfull \hbox (24.16219pt too wide) in paragraph at lines 121--121
[][] 
 []


Overfull \hbox (23.50993pt too wide) in paragraph at lines 121--121
[][] 
 []


Overfull \hbox (21.04117pt too wide) in paragraph at lines 119--133
[][] 
 []


Overfull \hbox (23.31631pt too wide) in paragraph at lines 144--144
[][] 
 []


Overfull \hbox (24.80948pt too wide) in paragraph at lines 144--144
[][] 
 []


Overfull \hbox (17.12949pt too wide) in paragraph at lines 144--144
[][] 
 []


Overfull \hbox (24.92104pt too wide) in paragraph at lines 144--144
[][] 
 []


Overfull \hbox (23.51285pt too wide) in paragraph at lines 144--144
[][] 
 []


Overfull \hbox (18.152pt too wide) in paragraph at lines 144--144
[][] 
 []


Overfull \hbox (28.60466pt too wide) in paragraph at lines 144--144
[][] 
 []


Overfull \hbox (24.16219pt too wide) in paragraph at lines 144--144
[][] 
 []


Overfull \hbox (23.50993pt too wide) in paragraph at lines 144--144
[][] 
 []


Overfull \hbox (21.04117pt too wide) in paragraph at lines 142--156
[][] 
 []


Overfull \hbox (23.31631pt too wide) in paragraph at lines 170--170
[][] 
 []


Overfull \hbox (24.80948pt too wide) in paragraph at lines 170--170
[][] 
 []


Overfull \hbox (17.12949pt too wide) in paragraph at lines 170--170
[][] 
 []


Overfull \hbox (24.92104pt too wide) in paragraph at lines 170--170
[][] 
 []


Overfull \hbox (23.51285pt too wide) in paragraph at lines 170--170
[][] 
 []


Overfull \hbox (18.152pt too wide) in paragraph at lines 170--170
[][] 
 []


Overfull \hbox (28.60466pt too wide) in paragraph at lines 170--170
[][] 
 []


Overfull \hbox (24.16219pt too wide) in paragraph at lines 170--170
[][] 
 []


Overfull \hbox (23.50993pt too wide) in paragraph at lines 170--170
[][] 
 []


Overfull \hbox (11.70801pt too wide) in paragraph at lines 168--182
[][] 
 []


Overfull \hbox (23.31631pt too wide) in paragraph at lines 197--197
[][] 
 []


Overfull \hbox (24.80948pt too wide) in paragraph at lines 197--197
[][] 
 []


Overfull \hbox (17.12949pt too wide) in paragraph at lines 197--197
[][] 
 []


Overfull \hbox (24.92104pt too wide) in paragraph at lines 197--197
[][] 
 []


Overfull \hbox (23.51285pt too wide) in paragraph at lines 197--197
[][] 
 []


Overfull \hbox (18.152pt too wide) in paragraph at lines 197--197
[][] 
 []


Overfull \hbox (28.60466pt too wide) in paragraph at lines 197--197
[][] 
 []


Overfull \hbox (24.16219pt too wide) in paragraph at lines 197--197
[][] 
 []


Overfull \hbox (23.50993pt too wide) in paragraph at lines 197--197
[][] 
 []


Overfull \hbox (17.93011pt too wide) in paragraph at lines 195--209
[][] 
 []


Overfull \hbox (23.31631pt too wide) in paragraph at lines 222--222
[][] 
 []


Overfull \hbox (24.80948pt too wide) in paragraph at lines 222--222
[][] 
 []


Overfull \hbox (17.12949pt too wide) in paragraph at lines 222--222
[][] 
 []


Overfull \hbox (24.92104pt too wide) in paragraph at lines 222--222
[][] 
 []


Overfull \hbox (23.51285pt too wide) in paragraph at lines 222--222
[][] 
 []


Overfull \hbox (18.152pt too wide) in paragraph at lines 222--222
[][] 
 []


Overfull \hbox (28.60466pt too wide) in paragraph at lines 222--222
[][] 
 []


Overfull \hbox (24.16219pt too wide) in paragraph at lines 222--222
[][] 
 []


Overfull \hbox (23.50993pt too wide) in paragraph at lines 222--222
[][] 
 []


Overfull \hbox (17.93011pt too wide) in paragraph at lines 220--234
[][] 
 []


Overfull \hbox (23.31631pt too wide) in paragraph at lines 248--248
[][] 
 []


Overfull \hbox (24.80948pt too wide) in paragraph at lines 248--248
[][] 
 []


Overfull \hbox (17.12949pt too wide) in paragraph at lines 248--248
[][] 
 []


Overfull \hbox (24.92104pt too wide) in paragraph at lines 248--248
[][] 
 []


Overfull \hbox (23.51285pt too wide) in paragraph at lines 248--248
[][] 
 []


Overfull \hbox (18.152pt too wide) in paragraph at lines 248--248
[][] 
 []


Overfull \hbox (28.60466pt too wide) in paragraph at lines 248--248
[][] 
 []


Overfull \hbox (24.16219pt too wide) in paragraph at lines 248--248
[][] 
 []


Overfull \hbox (23.50993pt too wide) in paragraph at lines 248--248
[][] 
 []


Overfull \hbox (14.81906pt too wide) in paragraph at lines 246--260
[][] 
 []


Overfull \hbox (23.31631pt too wide) in paragraph at lines 270--270
[][] 
 []


Overfull \hbox (24.80948pt too wide) in paragraph at lines 270--270
[][] 
 []


Overfull \hbox (17.12949pt too wide) in paragraph at lines 270--270
[][] 
 []


Overfull \hbox (24.92104pt too wide) in paragraph at lines 270--270
[][] 
 []


Overfull \hbox (23.51285pt too wide) in paragraph at lines 270--270
[][] 
 []


Overfull \hbox (18.152pt too wide) in paragraph at lines 270--270
[][] 
 []


Overfull \hbox (28.60466pt too wide) in paragraph at lines 270--270
[][] 
 []


Overfull \hbox (24.16219pt too wide) in paragraph at lines 270--270
[][] 
 []


Overfull \hbox (23.50993pt too wide) in paragraph at lines 270--270
[][] 
 []


Overfull \hbox (23.31631pt too wide) in paragraph at lines 299--299
[][] 
 []


Overfull \hbox (24.80948pt too wide) in paragraph at lines 299--299
[][] 
 []


Overfull \hbox (17.12949pt too wide) in paragraph at lines 299--299
[][] 
 []


Overfull \hbox (24.92104pt too wide) in paragraph at lines 299--299
[][] 
 []


Overfull \hbox (23.51285pt too wide) in paragraph at lines 299--299
[][] 
 []


Overfull \hbox (18.152pt too wide) in paragraph at lines 299--299
[][] 
 []


Overfull \hbox (28.60466pt too wide) in paragraph at lines 299--299
[][] 
 []


Overfull \hbox (24.16219pt too wide) in paragraph at lines 299--299
[][] 
 []


Overfull \hbox (23.50993pt too wide) in paragraph at lines 299--299
[][] 
 []


Overfull \hbox (8.59695pt too wide) in paragraph at lines 297--311
[][] 
 []


Overfull \hbox (23.31631pt too wide) in paragraph at lines 320--320
[][] 
 []


Overfull \hbox (24.80948pt too wide) in paragraph at lines 320--320
[][] 
 []


Overfull \hbox (17.12949pt too wide) in paragraph at lines 320--320
[][] 
 []


Overfull \hbox (24.92104pt too wide) in paragraph at lines 320--320
[][] 
 []


Overfull \hbox (23.51285pt too wide) in paragraph at lines 320--320
[][] 
 []


Overfull \hbox (18.152pt too wide) in paragraph at lines 320--320
[][] 
 []


Overfull \hbox (28.60466pt too wide) in paragraph at lines 320--320
[][] 
 []


Overfull \hbox (24.16219pt too wide) in paragraph at lines 320--320
[][] 
 []


Overfull \hbox (23.50993pt too wide) in paragraph at lines 320--320
[][] 
 []


Overfull \hbox (17.93011pt too wide) in paragraph at lines 318--332
[][] 
 []

[51

] [52] [53] [54] [55] [56] [57]) (./sound/roc_figures.tex
<sound/roc_raw_audio.pdf, id=1331, 1445.4pt x 757.02826pt>
File: sound/roc_raw_audio.pdf Graphic file (type pdf)

<use sound/roc_raw_audio.pdf>
Package pdftex.def Info: sound/roc_raw_audio.pdf used on input line 3.
(pdftex.def)             Requested size: 383.0pt x 200.58842pt.

<sound/roc_samplerate.pdf, id=1332, 1445.4pt x 757.02826pt>
File: sound/roc_samplerate.pdf Graphic file (type pdf)

<use sound/roc_samplerate.pdf>
Package pdftex.def Info: sound/roc_samplerate.pdf used on input line 11.
(pdftex.def)             Requested size: 383.0pt x 200.58842pt.

<sound/roc_precision_bits.pdf, id=1333, 1445.4pt x 757.02826pt>
File: sound/roc_precision_bits.pdf Graphic file (type pdf)

<use sound/roc_precision_bits.pdf>
Package pdftex.def Info: sound/roc_precision_bits.pdf used on input line 19.
(pdftex.def)             Requested size: 383.0pt x 200.58842pt.
)) [58

 <./sound/roc_raw_audio.pdf> <./sound/roc_samplerate.pdf

pdfTeX warning: pdflatex (file ./sound/roc_samplerate.pdf): PDF inclusion: mult
iple pdfs with page group included in a single page
>] (./sound/proposed_audio_arch.tikz)
Overfull \hbox (1.16032pt too wide) in paragraph at lines 45--48
\LY1/lmr/m/n/12 (-20) In this chap-ter, I present the db-Hound sys-tem in de-ta
il and dis-cuss lightweight
 []

[59 <./sound/roc_precision_bits.pdf>]) [60]
\openout2 = `conclusion/conclusion.aux'.

 (./conclusion/conclusion.tex
[61



] [62]) [63] (./dissertation.bbl
bibitemlist

Underfull \hbox (badness 3492) in paragraph at lines 17--22
[] \LY1/lmr/m/n/12 (+20) Alexa and google home record what you say. But what
 []


Underfull \hbox (badness 4927) in paragraph at lines 17--22
\LY1/lmr/m/n/12 (+20) hap-pens to the data?  []$\LY1/lmtt/m/n/12 https : / / ww
w . wired . com / 2016 / 12 /
 []


Underfull \hbox (badness 1242) in paragraph at lines 31--35
[] \LY1/lmr/m/n/12 (+20) An-droid sen-sor hub.  []$\LY1/lmtt/m/n/12 https : / /
 source . android . com / devices /
 []


Underfull \hbox (badness 2626) in paragraph at lines 53--57
[] \LY1/lmr/m/n/12 (+20) Google Spec-trum Database.  []$\LY1/lmtt/m/n/12 https 
: / / www . google . com / get /
 []


Underfull \hbox (badness 10000) in paragraph at lines 60--64
[] \LY1/lmr/m/n/12 (+20) Mi-crosoft Whites-paces Database.  []$\LY1/lmtt/m/n/12
 http : / / whitespaces .
 []


Underfull \hbox (badness 10000) in paragraph at lines 74--78
\LY1/lmtt/m/n/12 WQRF / ResearchStudy _ BenefitsOfSoftenedWater _ ExecSummary .
 pdf$[]\LY1/lmr/m/n/12 (+6) .
 []

[64


]
Underfull \hbox (badness 10000) in paragraph at lines 153--158
[]\LY1/lmr/m/n/12 (+20) Foundation, Na-tional Sci-ence.  To-day's wa-ter soft-e
n-ers.
 []


Underfull \hbox (badness 10000) in paragraph at lines 153--158
[]$\LY1/lmtt/m/n/12 http : / / standards . nsf . org / apps / group _ public / 
download . php /
 []

[65] [66] [67] [68]) [69]
\tf@toc=\write7
\openout7 = `dissertation.toc'.

\tf@lot=\write8
\openout8 = `dissertation.lot'.

\tf@lof=\write9
\openout9 = `dissertation.lof'.

Package atveryend Info: Empty hook `BeforeClearDocument' on input line 84.
Package atveryend Info: Empty hook `AfterLastShipout' on input line 84.
 (./dissertation.aux (./frontmatter/frontmatter.aux)
(./intro/intro.aux) (./water/water.aux) (./spectrum/spectrum.aux)
(./sound/sound.aux) (./conclusion/conclusion.aux))
Package atveryend Info: Executing hook `AtVeryEndDocument' on input line 84.
Package atveryend Info: Executing hook `AtEndAfterFileList' on input line 84.
Package rerunfilecheck Info: File `dissertation.out' has not changed.
(rerunfilecheck)             Checksum: 3281FDD7306937DAC2FE59C37615BEFB;2060.
Package atveryend Info: Empty hook `AtVeryVeryEnd' on input line 84.
 ) 
Here is how much of TeX's memory you used:
 27149 strings out of 495028
 477791 string characters out of 6181496
 704189 words of memory out of 5000000
 29336 multiletter control sequences out of 15000+600000
 75586 words of font info for 181 fonts, out of 8000000 for 9000
 14 hyphenation exceptions out of 8191
 64i,18n,73p,937b,871s stack positions out of 5000i,500n,10000p,200000b,80000s
{/usr/share/texmf/fonts/enc/dvips/lm/lm-texnansi.enc}</usr/share/texlive/texm
f-dist/fonts/type1/public/amsfonts/cm/cmex10.pfb></usr/share/texlive/texmf-dist
/fonts/type1/public/amsfonts/cm/cmsy10.pfb></usr/share/texlive/texmf-dist/fonts
/type1/public/amsfonts/cm/cmsy7.pfb></usr/share/texlive/texmf-dist/fonts/type1/
public/amsfonts/euler/euex10.pfb></usr/share/texlive/texmf-dist/fonts/type1/pub
lic/amsfonts/euler/eufm10.pfb></usr/share/texlive/texmf-dist/fonts/type1/public
/amsfonts/euler/eufm5.pfb></usr/share/texlive/texmf-dist/fonts/type1/public/ams
fonts/euler/eufm7.pfb></usr/share/texlive/texmf-dist/fonts/type1/public/amsfont
s/euler/eurm10.pfb></usr/share/texlive/texmf-dist/fonts/type1/public/amsfonts/e
uler/eurm5.pfb></usr/share/texlive/texmf-dist/fonts/type1/public/amsfonts/euler
/eurm7.pfb></usr/share/texlive/texmf-dist/fonts/type1/public/amsfonts/euler/eus
m10.pfb></usr/share/texmf/fonts/type1/public/lm/lmbx10.pfb></usr/share/texmf/fo
nts/type1/public/lm/lmbx12.pfb></usr/share/texmf/fonts/type1/public/lm/lmcsc10.
pfb></usr/share/texmf/fonts/type1/public/lm/lmr10.pfb></usr/share/texmf/fonts/t
ype1/public/lm/lmr12.pfb></usr/share/texmf/fonts/type1/public/lm/lmr5.pfb></usr
/share/texmf/fonts/type1/public/lm/lmr6.pfb></usr/share/texmf/fonts/type1/publi
c/lm/lmr7.pfb></usr/share/texmf/fonts/type1/public/lm/lmr8.pfb></usr/share/texm
f/fonts/type1/public/lm/lmri12.pfb></usr/share/texmf/fonts/type1/public/lm/lmtt
10.pfb></usr/share/texmf/fonts/type1/public/lm/lmtt12.pfb></usr/share/texlive/t
exmf-dist/fonts/type1/urw/times/utmr8a.pfb>
Output written on dissertation.pdf (81 pages, 1939508 bytes).
PDF statistics:
 1695 PDF objects out of 1728 (max. 8388607)
 1253 compressed objects within 13 object streams
 263 named destinations out of 1000 (max. 500000)
 22969 words of extra memory for PDF output out of 24883 (max. 10000000)

