\BOOKMARK [0][-]{section*.4}{Contents}{}% 1
\BOOKMARK [0][-]{section*.6}{List of Tables}{}% 2
\BOOKMARK [0][-]{section*.8}{List of Figures}{}% 3
\BOOKMARK [0][-]{chapter*.9}{Abstract}{}% 4
\BOOKMARK [0][-]{chapter.1}{Introduction}{}% 5
\BOOKMARK [0][-]{chapter.2}{Water Hardness Detection in Building Water Supply}{}% 6
\BOOKMARK [1][-]{section.2.1}{Introduction}{chapter.2}% 7
\BOOKMARK [1][-]{section.2.2}{Water Hardness Detection}{chapter.2}% 8
\BOOKMARK [1][-]{section.2.3}{Water Flow and Hardness Forecasting}{chapter.2}% 9
\BOOKMARK [1][-]{section.2.4}{Conclusion}{chapter.2}% 10
\BOOKMARK [0][-]{chapter.3}{Wireless Spectrum Estimation using Sparse Measurements}{}% 11
\BOOKMARK [1][-]{section.3.1}{Introduction}{chapter.3}% 12
\BOOKMARK [1][-]{section.3.2}{Challenges in Large-scale Spectrum Measurements}{chapter.3}% 13
\BOOKMARK [1][-]{section.3.3}{Applying Matrix Completion to Estimate Missing Samples}{chapter.3}% 14
\BOOKMARK [1][-]{section.3.4}{Evaluation of Matrix Completion on Sparse Opportunistic Measurements}{chapter.3}% 15
\BOOKMARK [1][-]{section.3.5}{Conclusion}{chapter.3}% 16
\BOOKMARK [0][-]{chapter.4}{Privacy-sensitive Acoustic Perception for Mobile Devices}{}% 17
\BOOKMARK [1][-]{section.4.1}{Introduction}{chapter.4}% 18
\BOOKMARK [1][-]{section.4.2}{Threat Model and Privacy Objectives}{chapter.4}% 19
\BOOKMARK [1][-]{section.4.3}{dbHound: System Design}{chapter.4}% 20
\BOOKMARK [1][-]{section.4.4}{Lightweight Audio Obfuscation}{chapter.4}% 21
\BOOKMARK [1][-]{section.4.5}{Keyphrase Recognition from Obfuscated Audio}{chapter.4}% 22
\BOOKMARK [1][-]{section.4.6}{Evaluating Keyphrase Recognition Performance}{chapter.4}% 23
\BOOKMARK [1][-]{section.4.7}{Proposed changes to Mobile Keyphrase Recognition}{chapter.4}% 24
\BOOKMARK [1][-]{section.4.8}{Conclusion}{chapter.4}% 25
\BOOKMARK [0][-]{chapter.5}{Conclusions and Future Directions}{}% 26
\BOOKMARK [1][-]{section.5.1}{Conclusion}{chapter.5}% 27
\BOOKMARK [1][-]{section.5.2}{Directions for Future Work}{chapter.5}% 28
\BOOKMARK [0][-]{section*.86}{References}{}% 29
